[    3480ms] [ERROR] Failed to load resource: the server responded with a status of 404 () @ https://sfira-madness-112n9s0qz-orbs-finances-projects.vercel.app/icons/icon-192.png:0
[    3481ms] [WARNING] Error while trying to use the following icon from the Manifest: https://sfira-madness-112n9s0qz-orbs-finances-projects.vercel.app/icons/icon-192.png (Download error or resource isn't a valid image) @ https://sfira-madness-112n9s0qz-orbs-finances-projects.vercel.app/create:0
[    4810ms] [ERROR] Failed to load resource: the server responded with a status of 404 () @ https://sfira-madness-112n9s0qz-orbs-finances-projects.vercel.app/icons/icon-192.png:0
[    4811ms] [WARNING] Error while trying to use the following icon from the Manifest: https://sfira-madness-112n9s0qz-orbs-finances-projects.vercel.app/icons/icon-192.png (Download error or resource isn't a valid image) @ https://sfira-madness-112n9s0qz-orbs-finances-projects.vercel.app/:0
[   13059ms] An error occurred in the Server Components render. The specific message is omitted in production builds to avoid leaking sensitive details. A digest property is included on this error instance which may provide additional details about the nature of the error.
[   16260ms] [ERROR] Failed to load resource: the server responded with a status of 500 () @ https://sfira-madness-112n9s0qz-orbs-finances-projects.vercel.app/join/enter?:0
[   16301ms] An error occurred in the Server Components render. The specific message is omitted in production builds to avoid leaking sensitive details. A digest property is included on this error instance which may provide additional details about the nature of the error.
[   16678ms] [ERROR] Failed to load resource: the server responded with a status of 404 () @ https://sfira-madness-112n9s0qz-orbs-finances-projects.vercel.app/icons/icon-192.png:0
[   16680ms] [WARNING] Error while trying to use the following icon from the Manifest: https://sfira-madness-112n9s0qz-orbs-finances-projects.vercel.app/icons/icon-192.png (Download error or resource isn't a valid image) @ https://sfira-madness-112n9s0qz-orbs-finances-projects.vercel.app/join/enter:0
[   44656ms] [ERROR] Failed to load resource: the server responded with a status of 500 () @ https://sfira-madness-112n9s0qz-orbs-finances-projects.vercel.app/join/enter:0
[   44736ms] An error occurred in the Server Components render. The specific message is omitted in production builds to avoid leaking sensitive details. A digest property is included on this error instance which may provide additional details about the nature of the error.
[   45146ms] [ERROR] Failed to load resource: the server responded with a status of 404 () @ https://sfira-madness-112n9s0qz-orbs-finances-projects.vercel.app/icons/icon-192.png:0
[   45147ms] [WARNING] Error while trying to use the following icon from the Manifest: https://sfira-madness-112n9s0qz-orbs-finances-projects.vercel.app/icons/icon-192.png (Download error or resource isn't a valid image) @ https://sfira-madness-112n9s0qz-orbs-finances-projects.vercel.app/join/enter:0
[   63655ms] [ERROR] Failed to load resource: the server responded with a status of 500 () @ https://sfira-madness-112n9s0qz-orbs-finances-projects.vercel.app/join/enter:0
[   63744ms] An error occurred in the Server Components render. The specific message is omitted in production builds to avoid leaking sensitive details. A digest property is included on this error instance which may provide additional details about the nature of the error.
[   64021ms] [ERROR] Failed to load resource: the server responded with a status of 404 () @ https://sfira-madness-112n9s0qz-orbs-finances-projects.vercel.app/icons/icon-192.png:0
[   64022ms] [WARNING] Error while trying to use the following icon from the Manifest: https://sfira-madness-112n9s0qz-orbs-finances-projects.vercel.app/icons/icon-192.png (Download error or resource isn't a valid image) @ https://sfira-madness-112n9s0qz-orbs-finances-projects.vercel.app/join/enter:0
[   64951ms] [ERROR] Failed to load resource: the server responded with a status of 404 () @ https://sfira-madness-112n9s0qz-orbs-finances-projects.vercel.app/icons/icon-192.png:0
[   64952ms] [WARNING] Error while trying to use the following icon from the Manifest: https://sfira-madness-112n9s0qz-orbs-finances-projects.vercel.app/icons/icon-192.png (Download error or resource isn't a valid image) @ https://sfira-madness-112n9s0qz-orbs-finances-projects.vercel.app/:0
[   66672ms] An error occurred in the Server Components render. The specific message is omitted in production builds to avoid leaking sensitive details. A digest property is included on this error instance which may provide additional details about the nature of the error.
[   68131ms] [ERROR] Failed to load resource: the server responded with a status of 404 () @ https://sfira-madness-112n9s0qz-orbs-finances-projects.vercel.app/icons/icon-192.png:0
[   68133ms] [WARNING] Error while trying to use the following icon from the Manifest: https://sfira-madness-112n9s0qz-orbs-finances-projects.vercel.app/icons/icon-192.png (Download error or resource isn't a valid image) @ https://sfira-madness-112n9s0qz-orbs-finances-projects.vercel.app/:0
[   68844ms] [ERROR] Failed to load resource: the server responded with a status of 404 () @ https://sfira-madness-112n9s0qz-orbs-finances-projects.vercel.app/icons/icon-192.png:0
[   68845ms] [WARNING] Error while trying to use the following icon from the Manifest: https://sfira-madness-112n9s0qz-orbs-finances-projects.vercel.app/icons/icon-192.png (Download error or resource isn't a valid image) @ https://sfira-madness-112n9s0qz-orbs-finances-projects.vercel.app/create:0
[   70141ms] [ERROR] Failed to load resource: the server responded with a status of 404 () @ https://sfira-madness-112n9s0qz-orbs-finances-projects.vercel.app/icons/icon-192.png:0
[   70151ms] [WARNING] Error while trying to use the following icon from the Manifest: https://sfira-madness-112n9s0qz-orbs-finances-projects.vercel.app/icons/icon-192.png (Download error or resource isn't a valid image) @ https://sfira-madness-112n9s0qz-orbs-finances-projects.vercel.app/:0
[   71810ms] [ERROR] Failed to load resource: the server responded with a status of 404 () @ https://sfira-madness-112n9s0qz-orbs-finances-projects.vercel.app/icons/icon-192.png:0
[   71810ms] [WARNING] Error while trying to use the following icon from the Manifest: https://sfira-madness-112n9s0qz-orbs-finances-projects.vercel.app/icons/icon-192.png (Download error or resource isn't a valid image) @ https://sfira-madness-112n9s0qz-orbs-finances-projects.vercel.app/create:0
[  264020ms] [ERROR] Failed to load resource: the server responded with a status of 404 () @ https://sfira-madness-112n9s0qz-orbs-finances-projects.vercel.app/icons/icon-192.png:0
[  264021ms] [WARNING] Error while trying to use the following icon from the Manifest: https://sfira-madness-112n9s0qz-orbs-finances-projects.vercel.app/icons/icon-192.png (Download error or resource isn't a valid image) @ https://sfira-madness-112n9s0qz-orbs-finances-projects.vercel.app/create:0
[  269810ms] [ERROR] Failed to load resource: the server responded with a status of 404 () @ https://sfira-madness-112n9s0qz-orbs-finances-projects.vercel.app/icons/icon-192.png:0
[  269811ms] [WARNING] Error while trying to use the following icon from the Manifest: https://sfira-madness-112n9s0qz-orbs-finances-projects.vercel.app/icons/icon-192.png (Download error or resource isn't a valid image) @ https://sfira-madness-112n9s0qz-orbs-finances-projects.vercel.app/:0
[  275042ms] [ERROR] Failed to load resource: the server responded with a status of 404 () @ https://sfira-madness-112n9s0qz-orbs-finances-projects.vercel.app/icons/icon-192.png:0
[  275044ms] [WARNING] Error while trying to use the following icon from the Manifest: https://sfira-madness-112n9s0qz-orbs-finances-projects.vercel.app/icons/icon-192.png (Download error or resource isn't a valid image) @ https://sfira-madness-112n9s0qz-orbs-finances-projects.vercel.app/:0
[  389843ms] An error occurred in the Server Components render. The specific message is omitted in production builds to avoid leaking sensitive details. A digest property is included on this error instance which may provide additional details about the nature of the error.
[  442593ms] [ERROR] Failed to load resource: the server responded with a status of 500 () @ https://sfira-madness-112n9s0qz-orbs-finances-projects.vercel.app/join/enter:0
[  442690ms] An error occurred in the Server Components render. The specific message is omitted in production builds to avoid leaking sensitive details. A digest property is included on this error instance which may provide additional details about the nature of the error.
[  443051ms] [ERROR] Failed to load resource: the server responded with a status of 404 () @ https://sfira-madness-112n9s0qz-orbs-finances-projects.vercel.app/icons/icon-192.png:0
[  443053ms] [WARNING] Error while trying to use the following icon from the Manifest: https://sfira-madness-112n9s0qz-orbs-finances-projects.vercel.app/icons/icon-192.png (Download error or resource isn't a valid image) @ https://sfira-madness-112n9s0qz-orbs-finances-projects.vercel.app/join/enter:0
